1604340284180	geckodriver	INFO	Listening on 127.0.0.1:47277
1604340284196	mozrunner::runner	INFO	Running command: "/usr/bin/firefox" "--marionette" "-foreground" "-no-remote" "-profile" "/tmp/rust_mozprofileTwPQwE"
console.warn: SearchSettings: "get: No settings file exists, new profile?" (new Error("", "(unknown module)"))
1604340289455	Marionette	INFO	Listening on port 34769
JavaScript error: resource://gre/modules/URIFixup.jsm, line 271: NS_ERROR_FAILURE: Should pass a non-null uri
1604340289650	Marionette	WARN	TLS certificate errors will be ignored for this session
1604340557636	Marionette	INFO	Stopped listening on port 34769
1604340632691	geckodriver	INFO	Listening on 127.0.0.1:33637
1604340632695	mozrunner::runner	INFO	Running command: "/usr/bin/firefox" "--marionette" "-foreground" "-no-remote" "-profile" "/tmp/rust_mozprofilec6QYqG"
console.warn: SearchSettings: "get: No settings file exists, new profile?" (new Error("", "(unknown module)"))
1604340636084	Marionette	INFO	Listening on port 33087
1604340636121	Marionette	WARN	TLS certificate errors will be ignored for this session
JavaScript error: resource://gre/modules/URIFixup.jsm, line 271: NS_ERROR_FAILURE: Should pass a non-null uri
1604341379274	Marionette	INFO	Stopped listening on port 33087
1604341383363	geckodriver	INFO	Listening on 127.0.0.1:58587
1604341383367	mozrunner::runner	INFO	Running command: "/usr/bin/firefox" "--marionette" "-foreground" "-no-remote" "-profile" "/tmp/rust_mozprofilesLQrHn"
console.warn: SearchSettings: "get: No settings file exists, new profile?" (new Error("", "(unknown module)"))
1604341386372	Marionette	INFO	Listening on port 33201
1604341386398	Marionette	WARN	TLS certificate errors will be ignored for this session
1604341593828	geckodriver	INFO	Listening on 127.0.0.1:49653
1604341593833	mozrunner::runner	INFO	Running command: "/usr/bin/firefox" "--marionette" "-foreground" "-no-remote" "-profile" "/tmp/rust_mozprofilePuYPvo"
console.warn: SearchSettings: "get: No settings file exists, new profile?" (new Error("", "(unknown module)"))
1604341597018	Marionette	INFO	Listening on port 45389
1604341597064	Marionette	WARN	TLS certificate errors will be ignored for this session
JavaScript error: resource://gre/modules/URIFixup.jsm, line 271: NS_ERROR_FAILURE: Should pass a non-null uri
1604341610181	Marionette	INFO	Stopped listening on port 33201
1604341801485	geckodriver	INFO	Listening on 127.0.0.1:46139
1604341801489	mozrunner::runner	INFO	Running command: "/usr/bin/firefox" "--marionette" "-foreground" "-no-remote" "-profile" "/tmp/rust_mozprofileFHxoQ2"
console.warn: SearchSettings: "get: No settings file exists, new profile?" (new Error("", "(unknown module)"))
1604341805385	Marionette	INFO	Listening on port 36103
1604341805417	Marionette	WARN	TLS certificate errors will be ignored for this session
JavaScript error: resource://gre/modules/URIFixup.jsm, line 271: NS_ERROR_FAILURE: Should pass a non-null uri
1604341823516	Marionette	INFO	Stopped listening on port 45389
JavaScript error: https://www.xspdf.com/js-css/js/main.js, line 49: TypeError: BasicSlider.slick is not a function
JavaScript error: https://7073bd057a8258479242ac3404bca2d1.safeframe.googlesyndication.com/safeframe/1-0-37/html/container.html, line 8: SecurityError: Permission denied to access property Symbol.toPrimitive on cross-origin object
JavaScript error: , line 0: AbortError: The fetching process for the media resource was aborted by the user agent at the user's request.
JavaScript error: , line 0: AbortError: The fetching process for the media resource was aborted by the user agent at the user's request.
JavaScript error: , line 0: AbortError: The fetching process for the media resource was aborted by the user agent at the user's request.
JavaScript error: , line 0: AbortError: The fetching process for the media resource was aborted by the user agent at the user's request.
JavaScript error: , line 0: AbortError: The fetching process for the media resource was aborted by the user agent at the user's request.
JavaScript error: , line 0: AbortError: The fetching process for the media resource was aborted by the user agent at the user's request.
JavaScript error: , line 0: AbortError: The fetching process for the media resource was aborted by the user agent at the user's request.
JavaScript error: , line 0: AbortError: The fetching process for the media resource was aborted by the user agent at the user's request.
JavaScript error: , line 0: AbortError: The fetching process for the media resource was aborted by the user agent at the user's request.
JavaScript error: , line 0: AbortError: The fetching process for the media resource was aborted by the user agent at the user's request.
Handler function threw an exception: TypeError: topFrame.browsingContext is null
Stack: matchRequest@resource://devtools/server/actors/network-monitor/network-observer.js:111:9
_onRequestHeader@resource://devtools/server/actors/network-monitor/network-observer.js:857:10
NetworkObserver.prototype.observeActivity<@resource://devtools/server/actors/network-monitor/network-observer.js:632:12
exports.makeInfallible/<@resource://devtools/shared/ThreadSafeDevToolsUtils.js:103:22
Line: 111, column: 9
console.error: (new TypeError("topFrame.browsingContext is null", "resource://devtools/server/actors/network-monitor/network-observer.js", 111))
Handler function threw an exception: TypeError: topFrame.browsingContext is null
Stack: matchRequest@resource://devtools/server/actors/network-monitor/network-observer.js:111:9
_onRequestHeader@resource://devtools/server/actors/network-monitor/network-observer.js:857:10
NetworkObserver.prototype.observeActivity<@resource://devtools/server/actors/network-monitor/network-observer.js:632:12
exports.makeInfallible/<@resource://devtools/shared/ThreadSafeDevToolsUtils.js:103:22
Line: 111, column: 9
console.error: (new TypeError("topFrame.browsingContext is null", "resource://devtools/server/actors/network-monitor/network-observer.js", 111))
Handler function _httpResponseExaminer threw an exception: TypeError: topFrame.browsingContext is null
Stack: matchRequest@resource://devtools/server/actors/network-monitor/network-observer.js:111:9
_httpResponseExaminer@resource://devtools/server/actors/network-monitor/network-observer.js:416:10
exports.makeInfallible/<@resource://devtools/shared/ThreadSafeDevToolsUtils.js:103:22
Line: 111, column: 9
console.error: (new TypeError("topFrame.browsingContext is null", "resource://devtools/server/actors/network-monitor/network-observer.js", 111))
Handler function _httpResponseExaminer threw an exception: TypeError: topFrame.browsingContext is null
Stack: matchRequest@resource://devtools/server/actors/network-monitor/network-observer.js:111:9
_httpResponseExaminer@resource://devtools/server/actors/network-monitor/network-observer.js:416:10
exports.makeInfallible/<@resource://devtools/shared/ThreadSafeDevToolsUtils.js:103:22
Line: 111, column: 9
console.error: (new TypeError("topFrame.browsingContext is null", "resource://devtools/server/actors/network-monitor/network-observer.js", 111))
1604342397093	Marionette	INFO	Stopped listening on port 36103
1604342442274	geckodriver	INFO	Listening on 127.0.0.1:33205
1604342442278	mozrunner::runner	INFO	Running command: "/usr/bin/firefox" "--marionette" "-foreground" "-no-remote" "-profile" "/tmp/rust_mozprofileA3r1AF"
console.warn: SearchSettings: "get: No settings file exists, new profile?" (new Error("", "(unknown module)"))
1604342445837	Marionette	INFO	Listening on port 41745
1604342445931	Marionette	WARN	TLS certificate errors will be ignored for this session
1604342641657	Marionette	INFO	Stopped listening on port 41745
1604342651218	geckodriver	INFO	Listening on 127.0.0.1:37945
1604342651223	mozrunner::runner	INFO	Running command: "/usr/bin/firefox" "--marionette" "-foreground" "-no-remote" "-profile" "/tmp/rust_mozprofile9hD0HT"
console.warn: SearchSettings: "get: No settings file exists, new profile?" (new Error("", "(unknown module)"))
1604342654777	Marionette	INFO	Listening on port 42159
1604342654860	Marionette	WARN	TLS certificate errors will be ignored for this session
1604342759996	Marionette	INFO	Stopped listening on port 42159
1604342762933	geckodriver	INFO	Listening on 127.0.0.1:54481
1604342762937	mozrunner::runner	INFO	Running command: "/usr/bin/firefox" "--marionette" "-foreground" "-no-remote" "-profile" "/tmp/rust_mozprofilepFtWyW"
console.warn: SearchSettings: "get: No settings file exists, new profile?" (new Error("", "(unknown module)"))
1604342766358	Marionette	INFO	Listening on port 42199
1604342766462	Marionette	WARN	TLS certificate errors will be ignored for this session
1604342881830	Marionette	INFO	Stopped listening on port 42199
1604342883091	geckodriver	INFO	Listening on 127.0.0.1:47479
1604342883095	mozrunner::runner	INFO	Running command: "/usr/bin/firefox" "--marionette" "-foreground" "-no-remote" "-profile" "/tmp/rust_mozprofileMGBBrl"
console.warn: SearchSettings: "get: No settings file exists, new profile?" (new Error("", "(unknown module)"))
1604342886445	Marionette	INFO	Listening on port 33771
1604342886521	Marionette	WARN	TLS certificate errors will be ignored for this session
1604342991231	Marionette	INFO	Stopped listening on port 33771
1604342992105	geckodriver	INFO	Listening on 127.0.0.1:53157
1604342992109	mozrunner::runner	INFO	Running command: "/usr/bin/firefox" "--marionette" "-foreground" "-no-remote" "-profile" "/tmp/rust_mozprofileHnTw85"
console.warn: SearchSettings: "get: No settings file exists, new profile?" (new Error("", "(unknown module)"))
1604342995653	Marionette	INFO	Listening on port 36165
1604342995756	Marionette	WARN	TLS certificate errors will be ignored for this session
1604343195908	Marionette	INFO	Stopped listening on port 36165
1604343196358	geckodriver	INFO	Listening on 127.0.0.1:60955
1604343196362	mozrunner::runner	INFO	Running command: "/usr/bin/firefox" "--marionette" "-foreground" "-no-remote" "-profile" "/tmp/rust_mozprofilegn2UnX"
console.warn: SearchSettings: "get: No settings file exists, new profile?" (new Error("", "(unknown module)"))
1604343199945	Marionette	INFO	Listening on port 40265
1604343199992	Marionette	WARN	TLS certificate errors will be ignored for this session
JavaScript error: resource://gre/modules/URIFixup.jsm, line 271: NS_ERROR_FAILURE: Should pass a non-null uri
1604343376581	Marionette	INFO	Stopped listening on port 40265
1604345174244	geckodriver	INFO	Listening on 127.0.0.1:41797
1604345174248	mozrunner::runner	INFO	Running command: "/usr/bin/firefox" "--marionette" "-foreground" "-no-remote" "-profile" "/tmp/rust_mozprofilevCoVEp"
console.warn: SearchSettings: "get: No settings file exists, new profile?" (new Error("", "(unknown module)"))
1604345178130	Marionette	INFO	Listening on port 45957
1604345178181	Marionette	WARN	TLS certificate errors will be ignored for this session
1604345745030	Marionette	INFO	Stopped listening on port 45957
